# JRE version: Java(TM) SE Runtime Environment (8.0_144-b01) (build 1.8.0_144-b01)
# Java VM: Java HotSpot(TM) 64-Bit Server VM (25.144-b01 mixed mode windows-amd64 compressed oops)
Heap:
 PSYoungGen      total 73728K, used 18318K [0x000000076e400000, 0x0000000773600000, 0x00000007c0000000)
  eden space 63488K, 28% used [0x000000076e400000,0x000000076f5e38a8,0x0000000772200000)
  from space 10240K, 0% used [0x0000000772200000,0x0000000772200000,0x0000000772c00000)
  to   space 10240K, 0% used [0x0000000772c00000,0x0000000772c00000,0x0000000773600000)
 ParOldGen       total 124928K, used 6891K [0x00000006cac00000, 0x00000006d2600000, 0x000000076e400000)
  object space 124928K, 5% used [0x00000006cac00000,0x00000006cb2bad20,0x00000006d2600000)
 Metaspace       used 16700K, capacity 16982K, committed 17152K, reserved 1064960K
  class space    used 2174K, capacity 2285K, committed 2304K, reserved 1048576K
GC Heap History (4 events):
Event: 0.775 GC heap before
{Heap before GC invocations=1 (full 0):
 PSYoungGen      total 73728K, used 20937K [0x000000076e400000, 0x0000000773600000, 0x00000007c0000000)
  eden space 63488K, 32% used [0x000000076e400000,0x000000076f872408,0x0000000772200000)
  from space 10240K, 0% used [0x0000000772c00000,0x0000000772c00000,0x0000000773600000)
  to   space 10240K, 0% used [0x0000000772200000,0x0000000772200000,0x0000000772c00000)
 ParOldGen       total 167936K, used 0K [0x00000006cac00000, 0x00000006d5000000, 0x000000076e400000)
  object space 167936K, 0% used [0x00000006cac00000,0x00000006cac00000,0x00000006d5000000)
 Metaspace       used 12884K, capacity 13062K, committed 13184K, reserved 1064960K
  class space    used 1753K, capacity 1835K, committed 1920K, reserved 1048576K
Event: 0.780 GC heap after
Heap after GC invocations=1 (full 0):
 PSYoungGen      total 73728K, used 10218K [0x000000076e400000, 0x0000000773600000, 0x00000007c0000000)
  eden space 63488K, 0% used [0x000000076e400000,0x000000076e400000,0x0000000772200000)
  from space 10240K, 99% used [0x0000000772200000,0x0000000772bfa9e0,0x0000000772c00000)
  to   space 10240K, 0% used [0x0000000772c00000,0x0000000772c00000,0x0000000773600000)
 ParOldGen       total 167936K, used 6077K [0x00000006cac00000, 0x00000006d5000000, 0x000000076e400000)
  object space 167936K, 3% used [0x00000006cac00000,0x00000006cb1ef700,0x00000006d5000000)
 Metaspace       used 12884K, capacity 13062K, committed 13184K, reserved 1064960K
  class space    used 1753K, capacity 1835K, committed 1920K, reserved 1048576K
}
Event: 0.780 GC heap before
{Heap before GC invocations=2 (full 1):
 PSYoungGen      total 73728K, used 10218K [0x000000076e400000, 0x0000000773600000, 0x00000007c0000000)
  eden space 63488K, 0% used [0x000000076e400000,0x000000076e400000,0x0000000772200000)
  from space 10240K, 99% used [0x0000000772200000,0x0000000772bfa9e0,0x0000000772c00000)
  to   space 10240K, 0% used [0x0000000772c00000,0x0000000772c00000,0x0000000773600000)
 ParOldGen       total 167936K, used 6077K [0x00000006cac00000, 0x00000006d5000000, 0x000000076e400000)
  object space 167936K, 3% used [0x00000006cac00000,0x00000006cb1ef700,0x00000006d5000000)
 Metaspace       used 12884K, capacity 13062K, committed 13184K, reserved 1064960K
  class space    used 1753K, capacity 1835K, committed 1920K, reserved 1048576K
Event: 0.795 GC heap after
Heap after GC invocations=2 (full 1):
 PSYoungGen      total 73728K, used 0K [0x000000076e400000, 0x0000000773600000, 0x00000007c0000000)
  eden space 63488K, 0% used [0x000000076e400000,0x000000076e400000,0x0000000772200000)
  from space 10240K, 0% used [0x0000000772200000,0x0000000772200000,0x0000000772c00000)
  to   space 10240K, 0% used [0x0000000772c00000,0x0000000772c00000,0x0000000773600000)
 ParOldGen       total 124928K, used 6891K [0x00000006cac00000, 0x00000006d2600000, 0x000000076e400000)
  object space 124928K, 5% used [0x00000006cac00000,0x00000006cb2bad20,0x00000006d2600000)
 Metaspace       used 12884K, capacity 13062K, committed 13184K, reserved 1062912K
  class space    used 1753K, capacity 1835K, committed 1920K, reserved 1048576K
}

